Connection established to port 12345
Message sent to port 12345: LIST
List operation started
Message received from port 12345: LIST
List operation successfully completed
Message sent to port 12345: STORE testfile2.txt 20
Store operation started for file testfile2.txt
Message received from port 12345: STORE_TO 10002 10003 10004
Controller replied to store testfile2.txt in these Dstores: 10002 10003 10004 
Connection established to port 10002
Message sent to port 10002: STORE testfile2.txt 20
Storing file testfile2.txt to Dstore 10002
Message received from port 10002: ACK
ACK received from Dstore 10002 to store file testfile2.txt
Store of file testfile2.txt to Dstore 10002 successfully completed
Connection established to port 10003
Message sent to port 10003: STORE testfile2.txt 20
Storing file testfile2.txt to Dstore 10003
Message received from port 10003: ACK
ACK received from Dstore 10003 to store file testfile2.txt
Store of file testfile2.txt to Dstore 10003 successfully completed
Connection established to port 10004
Message sent to port 10004: STORE testfile2.txt 20
Storing file testfile2.txt to Dstore 10004
Message received from port 10004: ACK
ACK received from Dstore 10004 to store file testfile2.txt
Store of file testfile2.txt to Dstore 10004 successfully completed
Message received from port 12345: STORE_COMPLETE
Store operation for file testfile2.txt completed
Message sent to port 12345: STORE testfile2.txt 20
Store operation started for file testfile2.txt
Message received from port 12345: ERROR_FILE_ALREADY_EXISTS
File to store testfile2.txt already exists in the data store
Message sent to port 12345: STORE testfile1.txt 20
Store operation started for file testfile1.txt
Message received from port 12345: STORE_TO 10002 10003 10004
Controller replied to store testfile1.txt in these Dstores: 10002 10003 10004 
Connection established to port 10002
Message sent to port 10002: STORE testfile1.txt 20
Storing file testfile1.txt to Dstore 10002
Message received from port 10002: ACK
ACK received from Dstore 10002 to store file testfile1.txt
Store of file testfile1.txt to Dstore 10002 successfully completed
Connection established to port 10003
Message sent to port 10003: STORE testfile1.txt 20
Storing file testfile1.txt to Dstore 10003
Message received from port 10003: ACK
ACK received from Dstore 10003 to store file testfile1.txt
Store of file testfile1.txt to Dstore 10003 successfully completed
Connection established to port 10004
Message sent to port 10004: STORE testfile1.txt 20
Storing file testfile1.txt to Dstore 10004
Message received from port 10004: ACK
ACK received from Dstore 10004 to store file testfile1.txt
Store of file testfile1.txt to Dstore 10004 successfully completed
Message received from port 12345: STORE_COMPLETE
Store operation for file testfile1.txt completed
Message sent to port 12345: LIST
List operation started
Message received from port 12345: LIST testfile1.txt testfile2.txt
List operation successfully completed
Message sent to port 12345: LOAD testfile1.txt
Load operation for file testfile1.txt started
Message received from port 12345: LOAD_FROM 10002 20
Controller replied to load file testfile1.txt (size: 20 bytes) from Dstore 10002
Connection established to port 10002
Message sent to port 10002: LOAD_DATA testfile1.txt
Loading file testfile1.txt from Dstore 10002
Load operation of file testfile1.txt from Dstore 10002 successfully completed
Message sent to port 12345: LOAD testfile2.txt
Load operation for file testfile2.txt started
Message received from port 12345: LOAD_FROM 10004 20
Controller replied to load file testfile2.txt (size: 20 bytes) from Dstore 10004
Connection established to port 10004
Message sent to port 10004: LOAD_DATA testfile2.txt
Loading file testfile2.txt from Dstore 10004
Load operation of file testfile2.txt from Dstore 10004 successfully completed
Message sent to port 12345: REMOVE testfile1.txt
Remove operation for file testfile1.txt started
Message received from port 12345: REMOVE_COMPLETE
Remove operation for file testfile1.txt successfully completed
Message sent to port 12345: REMOVE testfile2.txt
Remove operation for file testfile2.txt started
Message received from port 12345: REMOVE_COMPLETE
Remove operation for file testfile2.txt successfully completed
Message sent to port 12345: REMOVE testfile1.txt
Remove operation for file testfile1.txt started
Message received from port 12345: ERROR_FILE_DOES_NOT_EXIST
Remove operation failed because file does not exist (filename: testfile1.txt)
Message sent to port 12345: LIST
List operation started
Message received from port 12345: LIST
List operation successfully completed
Connection established to port 12345
Connection established to port 12345
Connection established to port 12345
Connection established to port 12345
Connection established to port 12345
Connection established to port 12345
Connection established to port 12345
Message sent to port 12345: STORE testfile2.txt 20
Connection established to port 12345
Connection established to port 12345
Connection established to port 12345
Message sent to port 12345: STORE testfile2.txt 20
Message sent to port 12345: STORE testfile2.txt 20
Store operation started for file testfile2.txt
Message sent to port 12345: STORE testfile1.txt 20
Message sent to port 12345: STORE testfile2.txt 20
Store operation started for file testfile2.txt
Message sent to port 12345: STORE testfile1.txt 20
Message sent to port 12345: STORE testfile2.txt 20
Message received from port 12345: STORE_TO 10002 10003 10004
Store operation started for file testfile2.txt
Message sent to port 12345: STORE testfile2.txt 20
Controller replied to store testfile2.txt in these Dstores: 10002 10003 10004 
Store operation started for file testfile2.txt
Message sent to port 12345: STORE testfile2.txt 20
Message received from port 12345: ERROR_FILE_ALREADY_EXISTS
Message sent to port 12345: STORE testfile1.txt 20
Store operation started for file testfile1.txt
Connection established to port 10002
Store operation started for file testfile1.txt
Store operation started for file testfile2.txt
Store operation started for file testfile1.txt
Store operation started for file testfile2.txt
Message received from port 12345: STORE_TO 10002 10003 10004
Controller replied to store testfile1.txt in these Dstores: 10002 10003 10004 
Store operation started for file testfile2.txt
Message received from port 12345: ERROR_FILE_ALREADY_EXISTS
Connection established to port 10002
File to store testfile2.txt already exists in the data store
Message received from port 12345: ERROR_FILE_ALREADY_EXISTS
File to store testfile2.txt already exists in the data store
Message received from port 12345: ERROR_FILE_ALREADY_EXISTS
Message sent to port 10002: STORE testfile2.txt 20
File to store testfile1.txt already exists in the data store
Storing file testfile2.txt to Dstore 10002
Message received from port 12345: ERROR_FILE_ALREADY_EXISTS
File to store testfile2.txt already exists in the data store
Message sent to port 10002: STORE testfile1.txt 20
Storing file testfile1.txt to Dstore 10002
Message received from port 10002: ACK
File to store testfile2.txt already exists in the data store
Message received from port 12345: ERROR_FILE_ALREADY_EXISTS
File to store testfile1.txt already exists in the data store
Message received from port 10002: ACK
ACK received from Dstore 10002 to store file testfile1.txt
Message sent to port 12345: LIST
List operation started
Store of file testfile1.txt to Dstore 10002 successfully completed
Message sent to port 12345: LIST
List operation started
Message received from port 12345: LIST
List operation successfully completed
ACK received from Dstore 10002 to store file testfile2.txt
Message sent to port 12345: LIST
Store of file testfile2.txt to Dstore 10002 successfully completed
List operation started
Connection established to port 10003
Message received from port 12345: ERROR_FILE_ALREADY_EXISTS
File to store testfile2.txt already exists in the data store
Message sent to port 10003: STORE testfile1.txt 20
Storing file testfile1.txt to Dstore 10003
Message sent to port 12345: LIST
Message sent to port 12345: LIST
List operation started
Message sent to port 12345: LIST
Message sent to port 12345: LIST
List operation started
Message received from port 12345: LIST
Message received from port 12345: LIST
List operation successfully completed
Message sent to port 12345: LIST
Message sent to port 12345: LIST
List operation started
Message received from port 12345: LIST
List operation successfully completed
Connection established to port 10003
List operation started
Message sent to port 10003: STORE testfile2.txt 20
List operation started
List operation successfully completed
Message received from port 12345: ERROR_FILE_ALREADY_EXISTS
File to store testfile2.txt already exists in the data store
Message sent to port 12345: LIST
Message received from port 12345: LIST
List operation started
List operation started
Message received from port 12345: LIST
Message received from port 10003: ACK
List operation successfully completed
Message received from port 12345: LIST
Message received from port 12345: LIST
Storing file testfile2.txt to Dstore 10003
Message sent to port 12345: LIST
Message received from port 12345: LIST
List operation successfully completed
List operation successfully completed
List operation successfully completed
Message received from port 12345: LIST
ACK received from Dstore 10003 to store file testfile1.txt
Message received from port 10003: ACK
List operation successfully completed
List operation started
Message sent to port 12345: LIST
Message received from port 12345: LIST
List operation successfully completed
Store of file testfile1.txt to Dstore 10003 successfully completed
List operation started
List operation successfully completed
Message received from port 12345: LIST
List operation successfully completed
ACK received from Dstore 10003 to store file testfile2.txt
Store of file testfile2.txt to Dstore 10003 successfully completed
Message sent to port 12345: LIST
List operation started
Message sent to port 12345: LIST
List operation started
Message sent to port 12345: LIST
List operation started
Message sent to port 12345: LIST
List operation started
Message received from port 12345: LIST
List operation successfully completed
Message received from port 12345: LIST
List operation successfully completed
Message received from port 12345: LIST
List operation successfully completed
Connection established to port 10004
Connection established to port 10004
Message received from port 12345: LIST
List operation successfully completed
Message sent to port 10004: STORE testfile1.txt 20
Message sent to port 10004: STORE testfile2.txt 20
Storing file testfile2.txt to Dstore 10004
Storing file testfile1.txt to Dstore 10004
Message received from port 10004: ACK
ACK received from Dstore 10004 to store file testfile1.txt
Store of file testfile1.txt to Dstore 10004 successfully completed
Message received from port 10004: ACK
ACK received from Dstore 10004 to store file testfile2.txt
Store of file testfile2.txt to Dstore 10004 successfully completed
Message received from port 12345: STORE_COMPLETE
Store operation for file testfile1.txt completed
Message sent to port 12345: LIST
List operation started
Message received from port 12345: STORE_COMPLETE
Store operation for file testfile2.txt completed
Message sent to port 12345: LIST
List operation started
Message received from port 12345: LIST testfile1.txt testfile2.txt
Message received from port 12345: LIST testfile1.txt testfile2.txt
List operation successfully completed
List operation successfully completed
Message sent to port 12345: LIST
Message sent to port 12345: LIST
List operation started
List operation started
Message received from port 12345: LIST testfile1.txt testfile2.txt
Message received from port 12345: LIST testfile1.txt testfile2.txt
List operation successfully completed
List operation successfully completed
