Connection established to port 12345
Message sent to port 12345: LIST
List operation started
Message received from port 12345: ERROR_NOT_ENOUGH_DSTORES
ERROR: Not enough Dstores have joined the data store yet
List operation failed
Message sent to port 12345: STORE testfile2.txt 20
Store operation started for file testfile2.txt
Message received from port 12345: ERROR_NOT_ENOUGH_DSTORES
ERROR: Not enough Dstores have joined the data store yet
Message sent to port 12345: STORE testfile2.txt 20
Store operation started for file testfile2.txt
Message received from port 12345: ERROR_NOT_ENOUGH_DSTORES
ERROR: Not enough Dstores have joined the data store yet
Message sent to port 12345: STORE testfile1.txt 20
Store operation started for file testfile1.txt
Message received from port 12345: ERROR_NOT_ENOUGH_DSTORES
ERROR: Not enough Dstores have joined the data store yet
Message sent to port 12345: LIST
List operation started
Message received from port 12345: ERROR_NOT_ENOUGH_DSTORES
ERROR: Not enough Dstores have joined the data store yet
List operation failed
Message sent to port 12345: LIST
List operation started
Message received from port 12345: ERROR_NOT_ENOUGH_DSTORES
ERROR: Not enough Dstores have joined the data store yet
List operation failed
Connection established to port 12345
Connection established to port 12345
Connection established to port 12345
Connection established to port 12345
Connection established to port 12345
Connection established to port 12345
Connection established to port 12345
Connection established to port 12345
Connection established to port 12345
Message sent to port 12345: STORE testfile2.txt 20
Connection established to port 12345
Message sent to port 12345: STORE testfile2.txt 20
Store operation started for file testfile2.txt
Message sent to port 12345: STORE testfile2.txt 20
Message sent to port 12345: STORE testfile2.txt 20
Store operation started for file testfile2.txt
Message sent to port 12345: STORE testfile2.txt 20
Message sent to port 12345: STORE testfile1.txt 20
Store operation started for file testfile2.txt
Message sent to port 12345: STORE testfile2.txt 20
Store operation started for file testfile2.txt
Message sent to port 12345: STORE testfile2.txt 20
Message sent to port 12345: STORE testfile1.txt 20
Message received from port 12345: ERROR_NOT_ENOUGH_DSTORES
Store operation started for file testfile2.txt
Message sent to port 12345: STORE testfile2.txt 20
Store operation started for file testfile2.txt
Store operation started for file testfile1.txt
Store operation started for file testfile2.txt
Message received from port 12345: ERROR_NOT_ENOUGH_DSTORES
Message received from port 12345: ERROR_NOT_ENOUGH_DSTORES
Store operation started for file testfile1.txt
ERROR: Not enough Dstores have joined the data store yet
ERROR: Not enough Dstores have joined the data store yet
ERROR: Not enough Dstores have joined the data store yet
Message received from port 12345: ERROR_NOT_ENOUGH_DSTORES
Message received from port 12345: ERROR_NOT_ENOUGH_DSTORES
Store operation started for file testfile2.txt
Message received from port 12345: ERROR_NOT_ENOUGH_DSTORES
ERROR: Not enough Dstores have joined the data store yet
Message received from port 12345: ERROR_NOT_ENOUGH_DSTORES
ERROR: Not enough Dstores have joined the data store yet
ERROR: Not enough Dstores have joined the data store yet
Message received from port 12345: ERROR_NOT_ENOUGH_DSTORES
ERROR: Not enough Dstores have joined the data store yet
ERROR: Not enough Dstores have joined the data store yet
Message received from port 12345: ERROR_NOT_ENOUGH_DSTORES
ERROR: Not enough Dstores have joined the data store yet
Message received from port 12345: ERROR_NOT_ENOUGH_DSTORES
ERROR: Not enough Dstores have joined the data store yet
Message sent to port 12345: LIST
List operation started
Message sent to port 12345: LIST
List operation started
Message received from port 12345: ERROR_NOT_ENOUGH_DSTORES
Message received from port 12345: ERROR_NOT_ENOUGH_DSTORES
ERROR: Not enough Dstores have joined the data store yet
ERROR: Not enough Dstores have joined the data store yet
Message sent to port 12345: LIST
List operation failed
List operation failed
List operation started
Message sent to port 12345: LIST
List operation started
Message received from port 12345: ERROR_NOT_ENOUGH_DSTORES
ERROR: Not enough Dstores have joined the data store yet
Message sent to port 12345: LIST
List operation failed
Message received from port 12345: ERROR_NOT_ENOUGH_DSTORES
List operation started
ERROR: Not enough Dstores have joined the data store yet
Message sent to port 12345: LIST
Message received from port 12345: ERROR_NOT_ENOUGH_DSTORES
List operation failed
ERROR: Not enough Dstores have joined the data store yet
List operation started
List operation failed
Message received from port 12345: ERROR_NOT_ENOUGH_DSTORES
ERROR: Not enough Dstores have joined the data store yet
Message sent to port 12345: LIST
List operation failed
List operation started
Message sent to port 12345: LIST
List operation started
Message received from port 12345: ERROR_NOT_ENOUGH_DSTORES
ERROR: Not enough Dstores have joined the data store yet
Message received from port 12345: ERROR_NOT_ENOUGH_DSTORES
List operation failed
ERROR: Not enough Dstores have joined the data store yet
List operation failed
Message sent to port 12345: LIST
List operation started
Message sent to port 12345: LIST
List operation started
Message received from port 12345: ERROR_NOT_ENOUGH_DSTORES
ERROR: Not enough Dstores have joined the data store yet
Message received from port 12345: ERROR_NOT_ENOUGH_DSTORES
List operation failed
ERROR: Not enough Dstores have joined the data store yet
List operation failed
